<?xml version="1.0" encoding="UTF-8"?>
<coverage generated="1447257376225" clover="3.2.0">
	<project timestamp="1447257376225"  name="All Files" >
		<metrics statements="3"  coveredstatements="3"  conditionals="0"  coveredconditionals="0"  methods="0"  coveredmethods="0"  elements="3"  coveredelements="3"  complexity="0"  packages="1"  files="1"  classes="1"  loc="5"  ncloc="5" />
		<package name="react-vui-dropdown" >
			<metrics statements="3"  coveredstatements="3"  conditionals="0"  coveredconditionals="0"  methods="0"  coveredmethods="0" />
			<file name="index.js"  path="C:\BrightspaceGithub\react-vui-dropdown\index.js" >
				<metrics statements="3"  coveredstatements="3"  conditionals="0"  coveredconditionals="0"  methods="0"  coveredmethods="0" />
				<line num="3"  count="3"  type="stmt" />
				<line num="4"  count="3"  type="stmt" />
				<line num="5"  count="3"  type="stmt" />
			</file>
		</package>
	</project>
</coverage>
